<?xml version="1.0" encoding="UTF-8"?>
<testng-results ignored="0" total="1" passed="1" failed="0" skipped="0">
  <reporter-output>
  </reporter-output>
  <suite started-at="2022-02-02T18:20:45 IST" name="Default suite" finished-at="2022-02-02T18:20:45 IST" duration-ms="35">
    <groups>
    </groups>
    <test started-at="2022-02-02T18:20:45 IST" name="Default test" finished-at="2022-02-02T18:20:45 IST" duration-ms="35">
      <class name="demo">
        <test-method signature="stringdefine()[pri:0, instance:demo@6b26e945]" started-at="2022-02-02T18:20:45 IST" name="stringdefine" finished-at="2022-02-02T18:20:45 IST" duration-ms="6" status="PASS">
          <reporter-output>
          </reporter-output>
        </test-method> <!-- stringdefine -->
      </class> <!-- demo -->
    </test> <!-- Default test -->
  </suite> <!-- Default suite -->
</testng-results>
